<?xml version="1.0" encoding="UTF-8"?>
<coverage generated="1708434209632" clover="3.2.0">
  <project timestamp="1708434209632" name="All files">
    <metrics statements="129" coveredstatements="116" conditionals="28" coveredconditionals="24" methods="7" coveredmethods="6" elements="164" coveredelements="146" complexity="0" loc="129" ncloc="129" packages="2" files="2" classes="2"/>
    <package name="app">
      <metrics statements="95" coveredstatements="82" conditionals="26" coveredconditionals="22" methods="7" coveredmethods="6"/>
      <file name="gilded-rose.ts" path="/Users/chih-yaosun/Desktop/GildedRose-Refactor-Joanne/app/gilded-rose.ts">
        <metrics statements="95" coveredstatements="82" conditionals="26" coveredconditionals="22" methods="7" coveredmethods="6"/>
        <line num="1" count="3" type="cond" truecount="1" falsecount="0"/>
        <line num="2" count="3" type="stmt"/>
        <line num="3" count="3" type="stmt"/>
        <line num="4" count="3" type="stmt"/>
        <line num="5" count="3" type="stmt"/>
        <line num="6" count="3" type="cond" truecount="1" falsecount="0"/>
        <line num="7" count="17" type="stmt"/>
        <line num="8" count="17" type="stmt"/>
        <line num="9" count="17" type="stmt"/>
        <line num="10" count="17" type="stmt"/>
        <line num="11" count="3" type="stmt"/>
        <line num="12" count="3" type="cond" truecount="1" falsecount="0"/>
        <line num="13" count="3" type="stmt"/>
        <line num="14" count="3" type="stmt"/>
        <line num="15" count="3" type="stmt"/>
        <line num="16" count="3" type="stmt"/>
        <line num="17" count="3" type="stmt"/>
        <line num="18" count="1" type="stmt"/>
        <line num="19" count="3" type="cond" truecount="1" falsecount="0"/>
        <line num="20" count="3" type="stmt"/>
        <line num="21" count="3" type="stmt"/>
        <line num="22" count="3" type="cond" truecount="1" falsecount="1"/>
        <line num="23" count="9" type="stmt"/>
        <line num="24" count="9" type="stmt"/>
        <line num="25" count="3" type="stmt"/>
        <line num="26" count="3" type="cond" truecount="1" falsecount="0"/>
        <line num="27" count="39" type="cond" truecount="1" falsecount="0"/>
        <line num="28" count="287" type="stmt"/>
        <line num="29" count="287" type="cond" truecount="1" falsecount="0"/>
        <line num="30" count="33" type="stmt"/>
        <line num="31" count="33" type="stmt"/>
        <line num="32" count="287" type="cond" truecount="1" falsecount="0"/>
        <line num="33" count="94" type="stmt"/>
        <line num="34" count="94" type="stmt"/>
        <line num="35" count="287" type="cond" truecount="1" falsecount="0"/>
        <line num="36" count="62" type="stmt"/>
        <line num="37" count="287" type="cond" truecount="0" falsecount="1"/>
        <line num="38" count="0" type="stmt"/>
        <line num="39" count="0" type="stmt"/>
        <line num="40" count="287" type="cond" truecount="1" falsecount="0"/>
        <line num="41" count="98" type="stmt"/>
        <line num="42" count="98" type="stmt"/>
        <line num="43" count="287" type="stmt"/>
        <line num="44" count="39" type="stmt"/>
        <line num="45" count="39" type="stmt"/>
        <line num="46" count="39" type="stmt"/>
        <line num="47" count="3" type="stmt"/>
        <line num="48" count="3" type="cond" truecount="1" falsecount="0"/>
        <line num="49" count="33" type="stmt"/>
        <line num="50" count="33" type="cond" truecount="1" falsecount="0"/>
        <line num="51" count="27" type="stmt"/>
        <line num="52" count="27" type="stmt"/>
        <line num="53" count="33" type="cond" truecount="2" falsecount="0"/>
        <line num="54" count="24" type="stmt"/>
        <line num="55" count="24" type="stmt"/>
        <line num="56" count="33" type="stmt"/>
        <line num="57" count="3" type="stmt"/>
        <line num="58" count="3" type="cond" truecount="1" falsecount="0"/>
        <line num="59" count="94" type="cond" truecount="0" falsecount="1"/>
        <line num="60" count="0" type="stmt"/>
        <line num="61" count="94" type="stmt"/>
        <line num="62" count="94" type="cond" truecount="1" falsecount="0"/>
        <line num="63" count="33" type="stmt"/>
        <line num="64" count="33" type="stmt"/>
        <line num="65" count="94" type="cond" truecount="1" falsecount="0"/>
        <line num="66" count="62" type="stmt"/>
        <line num="67" count="62" type="stmt"/>
        <line num="68" count="94" type="cond" truecount="0" falsecount="1"/>
        <line num="69" count="0" type="stmt"/>
        <line num="70" count="0" type="stmt"/>
        <line num="71" count="94" type="stmt"/>
        <line num="72" count="94" type="stmt"/>
        <line num="73" count="3" type="stmt"/>
        <line num="74" count="3" type="stmt"/>
        <line num="75" count="0" type="stmt"/>
        <line num="76" count="0" type="stmt"/>
        <line num="77" count="0" type="stmt"/>
        <line num="78" count="0" type="stmt"/>
        <line num="79" count="0" type="stmt"/>
        <line num="80" count="0" type="stmt"/>
        <line num="81" count="0" type="stmt"/>
        <line num="82" count="0" type="stmt"/>
        <line num="83" count="3" type="stmt"/>
        <line num="84" count="3" type="cond" truecount="1" falsecount="0"/>
        <line num="85" count="98" type="stmt"/>
        <line num="86" count="98" type="stmt"/>
        <line num="87" count="98" type="cond" truecount="1" falsecount="0"/>
        <line num="88" count="28" type="stmt"/>
        <line num="89" count="28" type="cond" truecount="2" falsecount="0"/>
        <line num="90" count="8" type="stmt"/>
        <line num="91" count="8" type="stmt"/>
        <line num="92" count="28" type="stmt"/>
        <line num="93" count="98" type="stmt"/>
        <line num="94" count="98" type="stmt"/>
        <line num="95" count="3" type="stmt"/>
      </file>
    </package>
    <package name="test">
      <metrics statements="34" coveredstatements="34" conditionals="2" coveredconditionals="2" methods="0" coveredmethods="0"/>
      <file name="golden-master-text-test.ts" path="/Users/chih-yaosun/Desktop/GildedRose-Refactor-Joanne/test/golden-master-text-test.ts">
        <metrics statements="34" coveredstatements="34" conditionals="2" coveredconditionals="2" methods="0" coveredmethods="0"/>
        <line num="1" count="1" type="stmt"/>
        <line num="2" count="1" type="stmt"/>
        <line num="3" count="1" type="stmt"/>
        <line num="4" count="1" type="stmt"/>
        <line num="5" count="1" type="stmt"/>
        <line num="6" count="1" type="stmt"/>
        <line num="7" count="1" type="stmt"/>
        <line num="8" count="1" type="stmt"/>
        <line num="9" count="1" type="stmt"/>
        <line num="10" count="1" type="stmt"/>
        <line num="11" count="1" type="stmt"/>
        <line num="12" count="1" type="stmt"/>
        <line num="13" count="1" type="stmt"/>
        <line num="14" count="1" type="stmt"/>
        <line num="15" count="1" type="stmt"/>
        <line num="16" count="1" type="stmt"/>
        <line num="17" count="1" type="stmt"/>
        <line num="18" count="1" type="stmt"/>
        <line num="19" count="1" type="stmt"/>
        <line num="20" count="1" type="stmt"/>
        <line num="21" count="1" type="stmt"/>
        <line num="22" count="1" type="stmt"/>
        <line num="23" count="1" type="stmt"/>
        <line num="24" count="1" type="stmt"/>
        <line num="25" count="1" type="cond" truecount="1" falsecount="0"/>
        <line num="26" count="31" type="stmt"/>
        <line num="27" count="31" type="stmt"/>
        <line num="28" count="31" type="cond" truecount="1" falsecount="0"/>
        <line num="29" count="279" type="stmt"/>
        <line num="30" count="279" type="stmt"/>
        <line num="31" count="31" type="stmt"/>
        <line num="32" count="31" type="stmt"/>
        <line num="33" count="31" type="stmt"/>
        <line num="34" count="31" type="stmt"/>
      </file>
    </package>
  </project>
</coverage>
