{"/Users/chih-yaosun/Desktop/GildedRose-Refactor-Joanne/app/gilded-rose.ts": {"path":"/Users/chih-yaosun/Desktop/GildedRose-Refactor-Joanne/app/gilded-rose.ts","all":false,"statementMap":{"0":{"start":{"line":1,"column":0},"end":{"line":1,"column":19}},"1":{"start":{"line":2,"column":0},"end":{"line":2,"column":15}},"2":{"start":{"line":3,"column":0},"end":{"line":3,"column":17}},"3":{"start":{"line":4,"column":0},"end":{"line":4,"column":18}},"4":{"start":{"line":5,"column":0},"end":{"line":5,"column":0}},"5":{"start":{"line":6,"column":0},"end":{"line":6,"column":62}},"6":{"start":{"line":7,"column":0},"end":{"line":7,"column":21}},"7":{"start":{"line":8,"column":0},"end":{"line":8,"column":25}},"8":{"start":{"line":9,"column":0},"end":{"line":9,"column":27}},"9":{"start":{"line":10,"column":0},"end":{"line":10,"column":3}},"10":{"start":{"line":11,"column":0},"end":{"line":11,"column":1}},"11":{"start":{"line":12,"column":0},"end":{"line":12,"column":29}},"12":{"start":{"line":13,"column":0},"end":{"line":13,"column":25}},"13":{"start":{"line":14,"column":0},"end":{"line":14,"column":64}},"14":{"start":{"line":15,"column":0},"end":{"line":15,"column":42}},"15":{"start":{"line":16,"column":0},"end":{"line":16,"column":24}},"16":{"start":{"line":17,"column":0},"end":{"line":17,"column":1}},"17":{"start":{"line":18,"column":0},"end":{"line":18,"column":0}},"18":{"start":{"line":19,"column":0},"end":{"line":19,"column":25}},"19":{"start":{"line":20,"column":0},"end":{"line":20,"column":21}},"20":{"start":{"line":21,"column":0},"end":{"line":21,"column":0}},"21":{"start":{"line":22,"column":0},"end":{"line":22,"column":42}},"22":{"start":{"line":23,"column":0},"end":{"line":23,"column":23}},"23":{"start":{"line":24,"column":0},"end":{"line":24,"column":3}},"24":{"start":{"line":25,"column":0},"end":{"line":25,"column":0}},"25":{"start":{"line":26,"column":0},"end":{"line":26,"column":19}},"26":{"start":{"line":27,"column":0},"end":{"line":27,"column":34}},"27":{"start":{"line":28,"column":0},"end":{"line":28,"column":26}},"28":{"start":{"line":29,"column":0},"end":{"line":29,"column":38}},"29":{"start":{"line":30,"column":0},"end":{"line":30,"column":36}},"30":{"start":{"line":31,"column":0},"end":{"line":31,"column":16}},"31":{"start":{"line":32,"column":0},"end":{"line":32,"column":45}},"32":{"start":{"line":33,"column":0},"end":{"line":33,"column":43}},"33":{"start":{"line":34,"column":0},"end":{"line":34,"column":16}},"34":{"start":{"line":35,"column":0},"end":{"line":35,"column":38}},"35":{"start":{"line":36,"column":0},"end":{"line":36,"column":16}},"36":{"start":{"line":37,"column":0},"end":{"line":37,"column":38}},"37":{"start":{"line":38,"column":0},"end":{"line":38,"column":40}},"38":{"start":{"line":39,"column":0},"end":{"line":39,"column":16}},"39":{"start":{"line":40,"column":0},"end":{"line":40,"column":16}},"40":{"start":{"line":41,"column":0},"end":{"line":41,"column":38}},"41":{"start":{"line":42,"column":0},"end":{"line":42,"column":16}},"42":{"start":{"line":43,"column":0},"end":{"line":43,"column":7}},"43":{"start":{"line":44,"column":0},"end":{"line":44,"column":7}},"44":{"start":{"line":45,"column":0},"end":{"line":45,"column":22}},"45":{"start":{"line":46,"column":0},"end":{"line":46,"column":3}},"46":{"start":{"line":47,"column":0},"end":{"line":47,"column":0}},"47":{"start":{"line":48,"column":0},"end":{"line":48,"column":36}},"48":{"start":{"line":49,"column":0},"end":{"line":49,"column":34}},"49":{"start":{"line":50,"column":0},"end":{"line":50,"column":28}},"50":{"start":{"line":51,"column":0},"end":{"line":51,"column":38}},"51":{"start":{"line":52,"column":0},"end":{"line":52,"column":5}},"52":{"start":{"line":53,"column":0},"end":{"line":53,"column":47}},"53":{"start":{"line":54,"column":0},"end":{"line":54,"column":38}},"54":{"start":{"line":55,"column":0},"end":{"line":55,"column":5}},"55":{"start":{"line":56,"column":0},"end":{"line":56,"column":3}},"56":{"start":{"line":57,"column":0},"end":{"line":57,"column":0}},"57":{"start":{"line":58,"column":0},"end":{"line":58,"column":43}},"58":{"start":{"line":59,"column":0},"end":{"line":59,"column":26}},"59":{"start":{"line":60,"column":0},"end":{"line":60,"column":23}},"60":{"start":{"line":61,"column":0},"end":{"line":61,"column":12}},"61":{"start":{"line":62,"column":0},"end":{"line":62,"column":30}},"62":{"start":{"line":63,"column":0},"end":{"line":63,"column":40}},"63":{"start":{"line":64,"column":0},"end":{"line":64,"column":7}},"64":{"start":{"line":65,"column":0},"end":{"line":65,"column":29}},"65":{"start":{"line":66,"column":0},"end":{"line":66,"column":40}},"66":{"start":{"line":67,"column":0},"end":{"line":67,"column":7}},"67":{"start":{"line":68,"column":0},"end":{"line":68,"column":28}},"68":{"start":{"line":69,"column":0},"end":{"line":69,"column":40}},"69":{"start":{"line":70,"column":0},"end":{"line":70,"column":7}},"70":{"start":{"line":71,"column":0},"end":{"line":71,"column":5}},"71":{"start":{"line":72,"column":0},"end":{"line":72,"column":3}},"72":{"start":{"line":73,"column":0},"end":{"line":73,"column":0}},"73":{"start":{"line":74,"column":0},"end":{"line":74,"column":40}},"74":{"start":{"line":75,"column":0},"end":{"line":75,"column":34}},"75":{"start":{"line":76,"column":0},"end":{"line":76,"column":27}},"76":{"start":{"line":77,"column":0},"end":{"line":77,"column":38}},"77":{"start":{"line":78,"column":0},"end":{"line":78,"column":48}},"78":{"start":{"line":79,"column":0},"end":{"line":79,"column":40}},"79":{"start":{"line":80,"column":0},"end":{"line":80,"column":7}},"80":{"start":{"line":81,"column":0},"end":{"line":81,"column":5}},"81":{"start":{"line":82,"column":0},"end":{"line":82,"column":3}},"82":{"start":{"line":83,"column":0},"end":{"line":83,"column":0}},"83":{"start":{"line":84,"column":0},"end":{"line":84,"column":32}},"84":{"start":{"line":85,"column":0},"end":{"line":85,"column":49}},"85":{"start":{"line":86,"column":0},"end":{"line":86,"column":36}},"86":{"start":{"line":87,"column":0},"end":{"line":87,"column":29}},"87":{"start":{"line":88,"column":0},"end":{"line":88,"column":40}},"88":{"start":{"line":89,"column":0},"end":{"line":89,"column":50}},"89":{"start":{"line":90,"column":0},"end":{"line":90,"column":42}},"90":{"start":{"line":91,"column":0},"end":{"line":91,"column":9}},"91":{"start":{"line":92,"column":0},"end":{"line":92,"column":7}},"92":{"start":{"line":93,"column":0},"end":{"line":93,"column":5}},"93":{"start":{"line":94,"column":0},"end":{"line":94,"column":3}},"94":{"start":{"line":95,"column":0},"end":{"line":95,"column":1}}},"s":{"0":3,"1":3,"2":3,"3":3,"4":3,"5":3,"6":17,"7":17,"8":17,"9":17,"10":3,"11":3,"12":3,"13":3,"14":3,"15":3,"16":3,"17":1,"18":3,"19":3,"20":3,"21":3,"22":9,"23":9,"24":3,"25":3,"26":39,"27":287,"28":287,"29":33,"30":33,"31":287,"32":94,"33":94,"34":287,"35":62,"36":287,"37":0,"38":0,"39":287,"40":98,"41":98,"42":287,"43":39,"44":39,"45":39,"46":3,"47":3,"48":33,"49":33,"50":27,"51":27,"52":33,"53":24,"54":24,"55":33,"56":3,"57":3,"58":94,"59":0,"60":94,"61":94,"62":33,"63":33,"64":94,"65":62,"66":62,"67":94,"68":0,"69":0,"70":94,"71":94,"72":3,"73":3,"74":0,"75":0,"76":0,"77":0,"78":0,"79":0,"80":0,"81":0,"82":3,"83":3,"84":98,"85":98,"86":98,"87":28,"88":28,"89":8,"90":8,"91":28,"92":98,"93":98,"94":3},"branchMap":{"0":{"type":"branch","line":1,"loc":{"start":{"line":1,"column":0},"end":{"line":11,"column":1}},"locations":[{"start":{"line":1,"column":0},"end":{"line":11,"column":1}}]},"1":{"type":"branch","line":6,"loc":{"start":{"line":6,"column":2},"end":{"line":10,"column":3}},"locations":[{"start":{"line":6,"column":2},"end":{"line":10,"column":3}}]},"2":{"type":"branch","line":12,"loc":{"start":{"line":12,"column":0},"end":{"line":17,"column":1}},"locations":[{"start":{"line":12,"column":0},"end":{"line":17,"column":1}}]},"3":{"type":"branch","line":19,"loc":{"start":{"line":19,"column":0},"end":{"line":95,"column":1}},"locations":[{"start":{"line":19,"column":0},"end":{"line":95,"column":1}}]},"4":{"type":"branch","line":22,"loc":{"start":{"line":22,"column":2},"end":{"line":24,"column":3}},"locations":[{"start":{"line":22,"column":2},"end":{"line":24,"column":3}}]},"5":{"type":"branch","line":22,"loc":{"start":{"line":22,"column":14},"end":{"line":22,"column":42}},"locations":[{"start":{"line":22,"column":14},"end":{"line":22,"column":42}}]},"6":{"type":"branch","line":26,"loc":{"start":{"line":26,"column":2},"end":{"line":46,"column":3}},"locations":[{"start":{"line":26,"column":2},"end":{"line":46,"column":3}}]},"7":{"type":"branch","line":27,"loc":{"start":{"line":27,"column":23},"end":{"line":44,"column":5}},"locations":[{"start":{"line":27,"column":23},"end":{"line":44,"column":5}}]},"8":{"type":"branch","line":29,"loc":{"start":{"line":29,"column":8},"end":{"line":31,"column":16}},"locations":[{"start":{"line":29,"column":8},"end":{"line":31,"column":16}}]},"9":{"type":"branch","line":32,"loc":{"start":{"line":32,"column":8},"end":{"line":34,"column":16}},"locations":[{"start":{"line":32,"column":8},"end":{"line":34,"column":16}}]},"10":{"type":"branch","line":35,"loc":{"start":{"line":35,"column":8},"end":{"line":36,"column":16}},"locations":[{"start":{"line":35,"column":8},"end":{"line":36,"column":16}}]},"11":{"type":"branch","line":37,"loc":{"start":{"line":37,"column":8},"end":{"line":39,"column":16}},"locations":[{"start":{"line":37,"column":8},"end":{"line":39,"column":16}}]},"12":{"type":"branch","line":40,"loc":{"start":{"line":40,"column":8},"end":{"line":42,"column":16}},"locations":[{"start":{"line":40,"column":8},"end":{"line":42,"column":16}}]},"13":{"type":"branch","line":48,"loc":{"start":{"line":48,"column":2},"end":{"line":56,"column":3}},"locations":[{"start":{"line":48,"column":2},"end":{"line":56,"column":3}}]},"14":{"type":"branch","line":50,"loc":{"start":{"line":50,"column":27},"end":{"line":52,"column":5}},"locations":[{"start":{"line":50,"column":27},"end":{"line":52,"column":5}}]},"15":{"type":"branch","line":53,"loc":{"start":{"line":53,"column":23},"end":{"line":53,"column":44}},"locations":[{"start":{"line":53,"column":23},"end":{"line":53,"column":44}}]},"16":{"type":"branch","line":53,"loc":{"start":{"line":53,"column":46},"end":{"line":55,"column":5}},"locations":[{"start":{"line":53,"column":46},"end":{"line":55,"column":5}}]},"17":{"type":"branch","line":58,"loc":{"start":{"line":58,"column":2},"end":{"line":72,"column":3}},"locations":[{"start":{"line":58,"column":2},"end":{"line":72,"column":3}}]},"18":{"type":"branch","line":59,"loc":{"start":{"line":59,"column":25},"end":{"line":61,"column":11}},"locations":[{"start":{"line":59,"column":25},"end":{"line":61,"column":11}}]},"19":{"type":"branch","line":62,"loc":{"start":{"line":62,"column":29},"end":{"line":64,"column":7}},"locations":[{"start":{"line":62,"column":29},"end":{"line":64,"column":7}}]},"20":{"type":"branch","line":65,"loc":{"start":{"line":65,"column":28},"end":{"line":67,"column":7}},"locations":[{"start":{"line":65,"column":28},"end":{"line":67,"column":7}}]},"21":{"type":"branch","line":68,"loc":{"start":{"line":68,"column":27},"end":{"line":70,"column":7}},"locations":[{"start":{"line":68,"column":27},"end":{"line":70,"column":7}}]},"22":{"type":"branch","line":84,"loc":{"start":{"line":84,"column":2},"end":{"line":94,"column":3}},"locations":[{"start":{"line":84,"column":2},"end":{"line":94,"column":3}}]},"23":{"type":"branch","line":87,"loc":{"start":{"line":87,"column":28},"end":{"line":92,"column":7}},"locations":[{"start":{"line":87,"column":28},"end":{"line":92,"column":7}}]},"24":{"type":"branch","line":89,"loc":{"start":{"line":89,"column":27},"end":{"line":89,"column":47}},"locations":[{"start":{"line":89,"column":27},"end":{"line":89,"column":47}}]},"25":{"type":"branch","line":89,"loc":{"start":{"line":89,"column":49},"end":{"line":91,"column":9}},"locations":[{"start":{"line":89,"column":49},"end":{"line":91,"column":9}}]}},"b":{"0":[3],"1":[17],"2":[3],"3":[3],"4":[9],"5":[0],"6":[39],"7":[287],"8":[33],"9":[94],"10":[62],"11":[0],"12":[98],"13":[33],"14":[27],"15":[29],"16":[24],"17":[94],"18":[0],"19":[33],"20":[62],"21":[0],"22":[98],"23":[28],"24":[9],"25":[8]},"fnMap":{"0":{"name":"Item","decl":{"start":{"line":6,"column":2},"end":{"line":10,"column":3}},"loc":{"start":{"line":6,"column":2},"end":{"line":10,"column":3}},"line":6},"1":{"name":"GildedRose","decl":{"start":{"line":22,"column":2},"end":{"line":24,"column":3}},"loc":{"start":{"line":22,"column":2},"end":{"line":24,"column":3}},"line":22},"2":{"name":"Object.<anonymous>.GildedRose.updateQuality","decl":{"start":{"line":26,"column":2},"end":{"line":46,"column":3}},"loc":{"start":{"line":26,"column":2},"end":{"line":46,"column":3}},"line":26},"3":{"name":"Object.<anonymous>.GildedRose.updateAgedBrie","decl":{"start":{"line":48,"column":2},"end":{"line":56,"column":3}},"loc":{"start":{"line":48,"column":2},"end":{"line":56,"column":3}},"line":48},"4":{"name":"Object.<anonymous>.GildedRose.updateBackstagePasses","decl":{"start":{"line":58,"column":2},"end":{"line":72,"column":3}},"loc":{"start":{"line":58,"column":2},"end":{"line":72,"column":3}},"line":58},"5":{"name":"Object.<anonymous>.GildedRose.updateConjuredItem","decl":{"start":{"line":74,"column":2},"end":{"line":82,"column":3}},"loc":{"start":{"line":74,"column":2},"end":{"line":82,"column":3}},"line":74},"6":{"name":"Object.<anonymous>.GildedRose.updateOtherItems","decl":{"start":{"line":84,"column":2},"end":{"line":94,"column":3}},"loc":{"start":{"line":84,"column":2},"end":{"line":94,"column":3}},"line":84}},"f":{"0":17,"1":9,"2":39,"3":33,"4":94,"5":0,"6":98}}
,"/Users/chih-yaosun/Desktop/GildedRose-Refactor-Joanne/test/golden-master-text-test.ts": {"path":"/Users/chih-yaosun/Desktop/GildedRose-Refactor-Joanne/test/golden-master-text-test.ts","all":false,"statementMap":{"0":{"start":{"line":1,"column":0},"end":{"line":1,"column":54}},"1":{"start":{"line":2,"column":0},"end":{"line":2,"column":0}},"2":{"start":{"line":3,"column":0},"end":{"line":3,"column":22}},"3":{"start":{"line":4,"column":0},"end":{"line":4,"column":0}},"4":{"start":{"line":5,"column":0},"end":{"line":5,"column":15}},"5":{"start":{"line":6,"column":0},"end":{"line":6,"column":43}},"6":{"start":{"line":7,"column":0},"end":{"line":7,"column":33}},"7":{"start":{"line":8,"column":0},"end":{"line":8,"column":46}},"8":{"start":{"line":9,"column":0},"end":{"line":9,"column":51}},"9":{"start":{"line":10,"column":0},"end":{"line":10,"column":49}},"10":{"start":{"line":11,"column":0},"end":{"line":11,"column":64}},"11":{"start":{"line":12,"column":0},"end":{"line":12,"column":64}},"12":{"start":{"line":13,"column":0},"end":{"line":13,"column":63}},"13":{"start":{"line":14,"column":0},"end":{"line":14,"column":50}},"14":{"start":{"line":15,"column":0},"end":{"line":15,"column":40}},"15":{"start":{"line":16,"column":0},"end":{"line":16,"column":0}},"16":{"start":{"line":17,"column":0},"end":{"line":17,"column":0}},"17":{"start":{"line":18,"column":0},"end":{"line":18,"column":41}},"18":{"start":{"line":19,"column":0},"end":{"line":19,"column":0}},"19":{"start":{"line":20,"column":0},"end":{"line":20,"column":21}},"20":{"start":{"line":21,"column":0},"end":{"line":21,"column":30}},"21":{"start":{"line":22,"column":0},"end":{"line":22,"column":28}},"22":{"start":{"line":23,"column":0},"end":{"line":23,"column":3}},"23":{"start":{"line":24,"column":0},"end":{"line":24,"column":0}},"24":{"start":{"line":25,"column":0},"end":{"line":25,"column":36}},"25":{"start":{"line":26,"column":0},"end":{"line":26,"column":49}},"26":{"start":{"line":27,"column":0},"end":{"line":27,"column":39}},"27":{"start":{"line":28,"column":0},"end":{"line":28,"column":28}},"28":{"start":{"line":29,"column":0},"end":{"line":29,"column":79}},"29":{"start":{"line":30,"column":0},"end":{"line":30,"column":0}},"30":{"start":{"line":31,"column":0},"end":{"line":31,"column":5}},"31":{"start":{"line":32,"column":0},"end":{"line":32,"column":16}},"32":{"start":{"line":33,"column":0},"end":{"line":33,"column":29}},"33":{"start":{"line":34,"column":0},"end":{"line":34,"column":1}}},"s":{"0":1,"1":1,"2":1,"3":1,"4":1,"5":1,"6":1,"7":1,"8":1,"9":1,"10":1,"11":1,"12":1,"13":1,"14":1,"15":1,"16":1,"17":1,"18":1,"19":1,"20":1,"21":1,"22":1,"23":1,"24":1,"25":31,"26":31,"27":31,"28":279,"29":279,"30":31,"31":31,"32":31,"33":31},"branchMap":{"0":{"type":"branch","line":25,"loc":{"start":{"line":25,"column":35},"end":{"line":34,"column":1}},"locations":[{"start":{"line":25,"column":35},"end":{"line":34,"column":1}}]},"1":{"type":"branch","line":28,"loc":{"start":{"line":28,"column":16},"end":{"line":31,"column":3}},"locations":[{"start":{"line":28,"column":16},"end":{"line":31,"column":3}}]}},"b":{"0":[31],"1":[279]},"fnMap":{},"f":{}}
}
