TN:
SF:app/gilded-rose.ts
FN:6,Item
FN:22,GildedRose
FN:26,Object.<anonymous>.GildedRose.updateQuality
FN:48,Object.<anonymous>.GildedRose.updateAgedBrie
FN:58,Object.<anonymous>.GildedRose.updateBackstagePasses
FN:74,Object.<anonymous>.GildedRose.updateConjuredItem
FN:84,Object.<anonymous>.GildedRose.updateOtherItems
FNF:7
FNH:6
FNDA:17,Item
FNDA:9,GildedRose
FNDA:39,Object.<anonymous>.GildedRose.updateQuality
FNDA:33,Object.<anonymous>.GildedRose.updateAgedBrie
FNDA:94,Object.<anonymous>.GildedRose.updateBackstagePasses
FNDA:0,Object.<anonymous>.GildedRose.updateConjuredItem
FNDA:98,Object.<anonymous>.GildedRose.updateOtherItems
DA:1,3
DA:2,3
DA:3,3
DA:4,3
DA:5,3
DA:6,3
DA:7,17
DA:8,17
DA:9,17
DA:10,17
DA:11,3
DA:12,3
DA:13,3
DA:14,3
DA:15,3
DA:16,3
DA:17,3
DA:18,1
DA:19,3
DA:20,3
DA:21,3
DA:22,3
DA:23,9
DA:24,9
DA:25,3
DA:26,3
DA:27,39
DA:28,287
DA:29,287
DA:30,33
DA:31,33
DA:32,287
DA:33,94
DA:34,94
DA:35,287
DA:36,62
DA:37,287
DA:38,0
DA:39,0
DA:40,287
DA:41,98
DA:42,98
DA:43,287
DA:44,39
DA:45,39
DA:46,39
DA:47,3
DA:48,3
DA:49,33
DA:50,33
DA:51,27
DA:52,27
DA:53,33
DA:54,24
DA:55,24
DA:56,33
DA:57,3
DA:58,3
DA:59,94
DA:60,0
DA:61,94
DA:62,94
DA:63,33
DA:64,33
DA:65,94
DA:66,62
DA:67,62
DA:68,94
DA:69,0
DA:70,0
DA:71,94
DA:72,94
DA:73,3
DA:74,3
DA:75,0
DA:76,0
DA:77,0
DA:78,0
DA:79,0
DA:80,0
DA:81,0
DA:82,0
DA:83,3
DA:84,3
DA:85,98
DA:86,98
DA:87,98
DA:88,28
DA:89,28
DA:90,8
DA:91,8
DA:92,28
DA:93,98
DA:94,98
DA:95,3
LF:95
LH:82
BRDA:1,0,0,3
BRDA:6,1,0,17
BRDA:12,2,0,3
BRDA:19,3,0,3
BRDA:22,4,0,9
BRDA:22,5,0,0
BRDA:26,6,0,39
BRDA:27,7,0,287
BRDA:29,8,0,33
BRDA:32,9,0,94
BRDA:35,10,0,62
BRDA:37,11,0,0
BRDA:40,12,0,98
BRDA:48,13,0,33
BRDA:50,14,0,27
BRDA:53,15,0,29
BRDA:53,16,0,24
BRDA:58,17,0,94
BRDA:59,18,0,0
BRDA:62,19,0,33
BRDA:65,20,0,62
BRDA:68,21,0,0
BRDA:84,22,0,98
BRDA:87,23,0,28
BRDA:89,24,0,9
BRDA:89,25,0,8
BRF:26
BRH:22
end_of_record
TN:
SF:test/golden-master-text-test.ts
FNF:0
FNH:0
DA:1,1
DA:2,1
DA:3,1
DA:4,1
DA:5,1
DA:6,1
DA:7,1
DA:8,1
DA:9,1
DA:10,1
DA:11,1
DA:12,1
DA:13,1
DA:14,1
DA:15,1
DA:16,1
DA:17,1
DA:18,1
DA:19,1
DA:20,1
DA:21,1
DA:22,1
DA:23,1
DA:24,1
DA:25,1
DA:26,31
DA:27,31
DA:28,31
DA:29,279
DA:30,279
DA:31,31
DA:32,31
DA:33,31
DA:34,31
LF:34
LH:34
BRDA:25,0,0,31
BRDA:28,1,0,279
BRF:2
BRH:2
end_of_record
